[29-Mar-2023 12:19:11 Europe/London] PHP Warning:  include_once(/home/sexthera/public_html/muizenmesh.co.za/bbs/plugin/FlatBBeditor/editor/markdown-.php): Failed to open stream: No such file or directory in /home/sexthera/public_html/muizenmesh.co.za/bbs/plugin/FlatBBeditor/FlatBBeditor.plg.php on line 101
[29-Mar-2023 12:19:11 Europe/London] PHP Warning:  include_once(): Failed opening '/home/sexthera/public_html/muizenmesh.co.za/bbs/plugin/FlatBBeditor/editor/markdown-.php' for inclusion (include_path='.:/opt/alt/php81/usr/share/pear:/opt/alt/php81/usr/share/php:/usr/share/pear:/usr/share/php') in /home/sexthera/public_html/muizenmesh.co.za/bbs/plugin/FlatBBeditor/FlatBBeditor.plg.php on line 101
[29-Mar-2023 12:19:52 Europe/London] PHP Warning:  include_once(/home/sexthera/public_html/muizenmesh.co.za/bbs/plugin/FlatBBeditor/editor/markdown-.php): Failed to open stream: No such file or directory in /home/sexthera/public_html/muizenmesh.co.za/bbs/plugin/FlatBBeditor/FlatBBeditor.plg.php on line 101
[29-Mar-2023 12:19:52 Europe/London] PHP Warning:  include_once(): Failed opening '/home/sexthera/public_html/muizenmesh.co.za/bbs/plugin/FlatBBeditor/editor/markdown-.php' for inclusion (include_path='.:/opt/alt/php81/usr/share/pear:/opt/alt/php81/usr/share/php:/usr/share/pear:/usr/share/php') in /home/sexthera/public_html/muizenmesh.co.za/bbs/plugin/FlatBBeditor/FlatBBeditor.plg.php on line 101
[29-Mar-2023 12:50:45 Europe/London] PHP Warning:  Trying to access array offset on value of type null in /home/sexthera/public_html/muizenmesh.co.za/bbs/blog.php on line 39
[29-Mar-2023 12:50:45 Europe/London] PHP Warning:  Trying to access array offset on value of type null in /home/sexthera/public_html/muizenmesh.co.za/bbs/blog.php on line 40
[29-Mar-2023 12:50:45 Europe/London] PHP Fatal error:  Uncaught TypeError: array_diff(): Argument #1 ($array) must be of type array, null given in /home/sexthera/public_html/muizenmesh.co.za/bbs/blog.php:40
Stack trace:
#0 /home/sexthera/public_html/muizenmesh.co.za/bbs/blog.php(40): array_diff()
#1 {main}
  thrown in /home/sexthera/public_html/muizenmesh.co.za/bbs/blog.php on line 40
[29-Mar-2023 13:49:09 Europe/London] PHP Warning:  Undefined array key "enable_blog" in /home/sexthera/public_html/muizenmesh.co.za/bbs/config.php on line 425
[29-Mar-2023 13:59:18 Europe/London] PHP Deprecated:  Optional parameter $isBanned declared before required parameter $timeStamp is implicitly treated as a required parameter in /home/sexthera/public_html/muizenmesh.co.za/bbs/plugin/bannedUsers/createFileSession.php on line 2
[29-Mar-2023 13:59:18 Europe/London] PHP Deprecated:  Optional parameter $bannedMessage declared before required parameter $timeStamp is implicitly treated as a required parameter in /home/sexthera/public_html/muizenmesh.co.za/bbs/plugin/bannedUsers/createFileSession.php on line 2
[29-Mar-2023 13:59:18 Europe/London] PHP Deprecated:  Optional parameter $status declared before required parameter $timeStamp is implicitly treated as a required parameter in /home/sexthera/public_html/muizenmesh.co.za/bbs/plugin/bannedUsers/createFileSession.php on line 2
[29-Mar-2023 13:59:18 Europe/London] PHP Warning:  Undefined variable $out in /home/sexthera/public_html/muizenmesh.co.za/bbs/plugin/CustomCode/CustomCode.plg.php on line 140
[29-Mar-2023 13:59:38 Europe/London] PHP Deprecated:  Optional parameter $isBanned declared before required parameter $timeStamp is implicitly treated as a required parameter in /home/sexthera/public_html/muizenmesh.co.za/bbs/plugin/bannedUsers/createFileSession.php on line 2
[29-Mar-2023 13:59:38 Europe/London] PHP Deprecated:  Optional parameter $bannedMessage declared before required parameter $timeStamp is implicitly treated as a required parameter in /home/sexthera/public_html/muizenmesh.co.za/bbs/plugin/bannedUsers/createFileSession.php on line 2
[29-Mar-2023 13:59:38 Europe/London] PHP Deprecated:  Optional parameter $status declared before required parameter $timeStamp is implicitly treated as a required parameter in /home/sexthera/public_html/muizenmesh.co.za/bbs/plugin/bannedUsers/createFileSession.php on line 2
[29-Mar-2023 13:59:38 Europe/London] PHP Warning:  Undefined array key "data_css" in /home/sexthera/public_html/muizenmesh.co.za/bbs/plugin/CustomCode/CustomCode.plg.php on line 92
[29-Mar-2023 13:59:38 Europe/London] PHP Warning:  Undefined array key "data_js" in /home/sexthera/public_html/muizenmesh.co.za/bbs/plugin/CustomCode/CustomCode.plg.php on line 99
[29-Mar-2023 13:59:38 Europe/London] PHP Warning:  Undefined variable $out in /home/sexthera/public_html/muizenmesh.co.za/bbs/plugin/CustomCode/CustomCode.plg.php on line 140
[29-Mar-2023 13:59:53 Europe/London] PHP Deprecated:  Optional parameter $isBanned declared before required parameter $timeStamp is implicitly treated as a required parameter in /home/sexthera/public_html/muizenmesh.co.za/bbs/plugin/bannedUsers/createFileSession.php on line 2
[29-Mar-2023 13:59:53 Europe/London] PHP Deprecated:  Optional parameter $bannedMessage declared before required parameter $timeStamp is implicitly treated as a required parameter in /home/sexthera/public_html/muizenmesh.co.za/bbs/plugin/bannedUsers/createFileSession.php on line 2
[29-Mar-2023 13:59:53 Europe/London] PHP Deprecated:  Optional parameter $status declared before required parameter $timeStamp is implicitly treated as a required parameter in /home/sexthera/public_html/muizenmesh.co.za/bbs/plugin/bannedUsers/createFileSession.php on line 2
[29-Mar-2023 13:59:53 Europe/London] PHP Warning:  Undefined variable $out in /home/sexthera/public_html/muizenmesh.co.za/bbs/plugin/CustomCode/CustomCode.plg.php on line 140
[29-Mar-2023 14:00:08 Europe/London] PHP Deprecated:  Optional parameter $isBanned declared before required parameter $timeStamp is implicitly treated as a required parameter in /home/sexthera/public_html/muizenmesh.co.za/bbs/plugin/bannedUsers/createFileSession.php on line 2
[29-Mar-2023 14:00:08 Europe/London] PHP Deprecated:  Optional parameter $bannedMessage declared before required parameter $timeStamp is implicitly treated as a required parameter in /home/sexthera/public_html/muizenmesh.co.za/bbs/plugin/bannedUsers/createFileSession.php on line 2
[29-Mar-2023 14:00:08 Europe/London] PHP Deprecated:  Optional parameter $status declared before required parameter $timeStamp is implicitly treated as a required parameter in /home/sexthera/public_html/muizenmesh.co.za/bbs/plugin/bannedUsers/createFileSession.php on line 2
[29-Mar-2023 14:00:08 Europe/London] PHP Warning:  Undefined variable $out in /home/sexthera/public_html/muizenmesh.co.za/bbs/plugin/CustomCode/CustomCode.plg.php on line 140
[29-Mar-2023 14:01:28 Europe/London] PHP Warning:  Undefined variable $out in /home/sexthera/public_html/muizenmesh.co.za/bbs/plugin/CustomCode/CustomCode.plg.php on line 140
[29-Mar-2023 14:01:32 Europe/London] PHP Warning:  Undefined variable $out in /home/sexthera/public_html/muizenmesh.co.za/bbs/plugin/CustomCode/CustomCode.plg.php on line 140
[29-Mar-2023 14:01:41 Europe/London] PHP Warning:  Undefined variable $out in /home/sexthera/public_html/muizenmesh.co.za/bbs/plugin/CustomCode/CustomCode.plg.php on line 140
[29-Mar-2023 14:02:07 Europe/London] PHP Warning:  Undefined variable $out in /home/sexthera/public_html/muizenmesh.co.za/bbs/plugin/CustomCode/CustomCode.plg.php on line 140
[29-Mar-2023 14:02:10 Europe/London] PHP Warning:  Undefined array key "display_menu" in /home/sexthera/public_html/muizenmesh.co.za/bbs/lib/HTMLForm.lib.php on line 231
[29-Mar-2023 14:02:10 Europe/London] PHP Warning:  Undefined array key "accept" in /home/sexthera/public_html/muizenmesh.co.za/bbs/lib/HTMLForm.lib.php on line 111
[29-Mar-2023 14:02:10 Europe/London] PHP Warning:  Undefined variable $out in /home/sexthera/public_html/muizenmesh.co.za/bbs/plugin/CustomCode/CustomCode.plg.php on line 140
[29-Mar-2023 14:02:16 Europe/London] PHP Warning:  Undefined variable $out in /home/sexthera/public_html/muizenmesh.co.za/bbs/plugin/CustomCode/CustomCode.plg.php on line 140
[29-Mar-2023 14:02:17 Europe/London] PHP Warning:  Undefined array key "display_menu" in /home/sexthera/public_html/muizenmesh.co.za/bbs/lib/HTMLForm.lib.php on line 231
[29-Mar-2023 14:02:17 Europe/London] PHP Warning:  Undefined array key "accept" in /home/sexthera/public_html/muizenmesh.co.za/bbs/lib/HTMLForm.lib.php on line 111
[29-Mar-2023 14:02:17 Europe/London] PHP Warning:  Undefined variable $out in /home/sexthera/public_html/muizenmesh.co.za/bbs/plugin/CustomCode/CustomCode.plg.php on line 140
[29-Mar-2023 14:02:21 Europe/London] PHP Warning:  Undefined variable $out in /home/sexthera/public_html/muizenmesh.co.za/bbs/plugin/CustomCode/CustomCode.plg.php on line 140
[29-Mar-2023 14:02:36 Europe/London] PHP Warning:  Undefined variable $out in /home/sexthera/public_html/muizenmesh.co.za/bbs/plugin/CustomCode/CustomCode.plg.php on line 140
[29-Mar-2023 14:02:42 Europe/London] PHP Warning:  Undefined variable $out in /home/sexthera/public_html/muizenmesh.co.za/bbs/plugin/CustomCode/CustomCode.plg.php on line 140
[29-Mar-2023 14:02:55 Europe/London] PHP Warning:  Undefined variable $out in /home/sexthera/public_html/muizenmesh.co.za/bbs/plugin/CustomCode/CustomCode.plg.php on line 140
[29-Mar-2023 14:03:03 Europe/London] PHP Warning:  Undefined variable $out in /home/sexthera/public_html/muizenmesh.co.za/bbs/plugin/CustomCode/CustomCode.plg.php on line 140
[29-Mar-2023 14:03:08 Europe/London] PHP Warning:  Undefined variable $out in /home/sexthera/public_html/muizenmesh.co.za/bbs/plugin/CustomCode/CustomCode.plg.php on line 140
[29-Mar-2023 14:03:15 Europe/London] PHP Warning:  Undefined variable $out in /home/sexthera/public_html/muizenmesh.co.za/bbs/plugin/CustomCode/CustomCode.plg.php on line 140
[29-Mar-2023 14:03:16 Europe/London] PHP Warning:  Undefined variable $out in /home/sexthera/public_html/muizenmesh.co.za/bbs/plugin/CustomCode/CustomCode.plg.php on line 140
[29-Mar-2023 14:03:22 Europe/London] PHP Warning:  Undefined variable $out in /home/sexthera/public_html/muizenmesh.co.za/bbs/plugin/CustomCode/CustomCode.plg.php on line 140
[29-Mar-2023 14:03:23 Europe/London] PHP Warning:  Undefined variable $out in /home/sexthera/public_html/muizenmesh.co.za/bbs/plugin/CustomCode/CustomCode.plg.php on line 140
[29-Mar-2023 14:03:27 Europe/London] PHP Warning:  Undefined variable $out in /home/sexthera/public_html/muizenmesh.co.za/bbs/plugin/CustomCode/CustomCode.plg.php on line 140
[29-Mar-2023 14:03:31 Europe/London] PHP Warning:  Undefined variable $out in /home/sexthera/public_html/muizenmesh.co.za/bbs/plugin/CustomCode/CustomCode.plg.php on line 140
[29-Mar-2023 14:03:42 Europe/London] PHP Warning:  Undefined variable $out in /home/sexthera/public_html/muizenmesh.co.za/bbs/plugin/CustomCode/CustomCode.plg.php on line 140
[29-Mar-2023 14:03:47 Europe/London] PHP Warning:  Undefined variable $replyQuery in /home/sexthera/public_html/muizenmesh.co.za/bbs/plugin/Notification/Notification.plg.php on line 258
[29-Mar-2023 14:03:47 Europe/London] PHP Warning:  Trying to access array offset on value of type null in /home/sexthera/public_html/muizenmesh.co.za/bbs/plugin/Notification/Notification.plg.php on line 258
[29-Mar-2023 14:03:47 Europe/London] PHP Deprecated:  str_replace(): Passing null to parameter #3 ($subject) of type array|string is deprecated in /home/sexthera/public_html/muizenmesh.co.za/bbs/plugin/Notification/Notification.plg.php on line 258
[29-Mar-2023 14:03:47 Europe/London] PHP Warning:  Undefined variable $replyQuery in /home/sexthera/public_html/muizenmesh.co.za/bbs/plugin/Notification/Notification.plg.php on line 260
[29-Mar-2023 14:03:47 Europe/London] PHP Warning:  Trying to access array offset on value of type null in /home/sexthera/public_html/muizenmesh.co.za/bbs/plugin/Notification/Notification.plg.php on line 260
[29-Mar-2023 14:03:47 Europe/London] PHP Warning:  Undefined variable $replyQuery in /home/sexthera/public_html/muizenmesh.co.za/bbs/plugin/Notification/Notification.plg.php on line 258
[29-Mar-2023 14:03:47 Europe/London] PHP Warning:  Trying to access array offset on value of type null in /home/sexthera/public_html/muizenmesh.co.za/bbs/plugin/Notification/Notification.plg.php on line 258
[29-Mar-2023 14:03:47 Europe/London] PHP Deprecated:  str_replace(): Passing null to parameter #3 ($subject) of type array|string is deprecated in /home/sexthera/public_html/muizenmesh.co.za/bbs/plugin/Notification/Notification.plg.php on line 258
[29-Mar-2023 14:03:47 Europe/London] PHP Warning:  Undefined variable $replyQuery in /home/sexthera/public_html/muizenmesh.co.za/bbs/plugin/Notification/Notification.plg.php on line 260
[29-Mar-2023 14:03:47 Europe/London] PHP Warning:  Trying to access array offset on value of type null in /home/sexthera/public_html/muizenmesh.co.za/bbs/plugin/Notification/Notification.plg.php on line 260
[29-Mar-2023 14:03:47 Europe/London] PHP Warning:  Undefined variable $script in /home/sexthera/public_html/muizenmesh.co.za/bbs/plugin/Profile/Profile.plg.php on line 183
[29-Mar-2023 14:03:47 Europe/London] PHP Warning:  Undefined variable $out in /home/sexthera/public_html/muizenmesh.co.za/bbs/plugin/CustomCode/CustomCode.plg.php on line 140
[29-Mar-2023 14:04:51 Europe/London] PHP Warning:  Undefined variable $script in /home/sexthera/public_html/muizenmesh.co.za/bbs/plugin/Profile/Profile.plg.php on line 183
[29-Mar-2023 14:04:51 Europe/London] PHP Warning:  Undefined variable $out in /home/sexthera/public_html/muizenmesh.co.za/bbs/plugin/CustomCode/CustomCode.plg.php on line 140
[29-Mar-2023 14:05:43 Europe/London] PHP Warning:  Undefined variable $script in /home/sexthera/public_html/muizenmesh.co.za/bbs/plugin/Profile/Profile.plg.php on line 183
[29-Mar-2023 14:05:43 Europe/London] PHP Warning:  Undefined variable $out in /home/sexthera/public_html/muizenmesh.co.za/bbs/plugin/CustomCode/CustomCode.plg.php on line 140
[29-Mar-2023 14:05:44 Europe/London] PHP Warning:  Undefined variable $script in /home/sexthera/public_html/muizenmesh.co.za/bbs/plugin/Profile/Profile.plg.php on line 183
[29-Mar-2023 14:05:44 Europe/London] PHP Warning:  Undefined variable $out in /home/sexthera/public_html/muizenmesh.co.za/bbs/plugin/CustomCode/CustomCode.plg.php on line 140
[29-Mar-2023 14:05:48 Europe/London] PHP Warning:  Undefined variable $script in /home/sexthera/public_html/muizenmesh.co.za/bbs/plugin/Profile/Profile.plg.php on line 183
[29-Mar-2023 14:05:48 Europe/London] PHP Warning:  Undefined variable $out in /home/sexthera/public_html/muizenmesh.co.za/bbs/plugin/CustomCode/CustomCode.plg.php on line 140
[29-Mar-2023 14:05:59 Europe/London] PHP Warning:  Undefined variable $script in /home/sexthera/public_html/muizenmesh.co.za/bbs/plugin/Profile/Profile.plg.php on line 183
[29-Mar-2023 14:05:59 Europe/London] PHP Warning:  Undefined variable $out in /home/sexthera/public_html/muizenmesh.co.za/bbs/plugin/CustomCode/CustomCode.plg.php on line 140
[29-Mar-2023 14:06:20 Europe/London] PHP Warning:  Undefined variable $script in /home/sexthera/public_html/muizenmesh.co.za/bbs/plugin/Profile/Profile.plg.php on line 183
[29-Mar-2023 14:06:20 Europe/London] PHP Warning:  Undefined variable $out in /home/sexthera/public_html/muizenmesh.co.za/bbs/plugin/CustomCode/CustomCode.plg.php on line 140
[29-Mar-2023 14:06:51 Europe/London] PHP Warning:  Undefined variable $script in /home/sexthera/public_html/muizenmesh.co.za/bbs/plugin/Profile/Profile.plg.php on line 183
[29-Mar-2023 14:06:51 Europe/London] PHP Warning:  Undefined variable $out in /home/sexthera/public_html/muizenmesh.co.za/bbs/plugin/CustomCode/CustomCode.plg.php on line 140
[29-Mar-2023 14:06:54 Europe/London] PHP Warning:  Undefined variable $script in /home/sexthera/public_html/muizenmesh.co.za/bbs/plugin/Profile/Profile.plg.php on line 183
[29-Mar-2023 14:06:54 Europe/London] PHP Warning:  Undefined variable $out in /home/sexthera/public_html/muizenmesh.co.za/bbs/plugin/CustomCode/CustomCode.plg.php on line 140
[29-Mar-2023 14:07:04 Europe/London] PHP Warning:  Undefined variable $script in /home/sexthera/public_html/muizenmesh.co.za/bbs/plugin/Profile/Profile.plg.php on line 183
[29-Mar-2023 14:07:04 Europe/London] PHP Warning:  Undefined variable $out in /home/sexthera/public_html/muizenmesh.co.za/bbs/plugin/CustomCode/CustomCode.plg.php on line 140
[29-Mar-2023 14:07:17 Europe/London] PHP Warning:  Undefined variable $script in /home/sexthera/public_html/muizenmesh.co.za/bbs/plugin/Profile/Profile.plg.php on line 183
[29-Mar-2023 14:07:17 Europe/London] PHP Warning:  Undefined variable $out in /home/sexthera/public_html/muizenmesh.co.za/bbs/plugin/CustomCode/CustomCode.plg.php on line 140
[29-Mar-2023 14:07:18 Europe/London] PHP Warning:  Undefined variable $script in /home/sexthera/public_html/muizenmesh.co.za/bbs/plugin/Profile/Profile.plg.php on line 183
[29-Mar-2023 14:07:18 Europe/London] PHP Warning:  Undefined variable $out in /home/sexthera/public_html/muizenmesh.co.za/bbs/plugin/CustomCode/CustomCode.plg.php on line 140
[29-Mar-2023 14:07:22 Europe/London] PHP Warning:  Undefined variable $script in /home/sexthera/public_html/muizenmesh.co.za/bbs/plugin/Profile/Profile.plg.php on line 183
[29-Mar-2023 14:07:22 Europe/London] PHP Warning:  Undefined variable $out in /home/sexthera/public_html/muizenmesh.co.za/bbs/plugin/CustomCode/CustomCode.plg.php on line 140
[29-Mar-2023 14:07:32 Europe/London] PHP Warning:  Undefined variable $script in /home/sexthera/public_html/muizenmesh.co.za/bbs/plugin/Profile/Profile.plg.php on line 183
[29-Mar-2023 14:07:32 Europe/London] PHP Warning:  Undefined variable $out in /home/sexthera/public_html/muizenmesh.co.za/bbs/plugin/CustomCode/CustomCode.plg.php on line 140
[29-Mar-2023 14:07:37 Europe/London] PHP Warning:  Undefined variable $out in /home/sexthera/public_html/muizenmesh.co.za/bbs/plugin/CustomCode/CustomCode.plg.php on line 140
[29-Mar-2023 14:07:40 Europe/London] PHP Warning:  Undefined variable $out in /home/sexthera/public_html/muizenmesh.co.za/bbs/plugin/CustomCode/CustomCode.plg.php on line 140
[29-Mar-2023 14:07:43 Europe/London] PHP Warning:  Undefined variable $out in /home/sexthera/public_html/muizenmesh.co.za/bbs/plugin/CustomCode/CustomCode.plg.php on line 140
[29-Mar-2023 14:08:00 Europe/London] PHP Warning:  Undefined variable $out in /home/sexthera/public_html/muizenmesh.co.za/bbs/plugin/CustomCode/CustomCode.plg.php on line 140
[29-Mar-2023 14:08:02 Europe/London] PHP Warning:  Undefined variable $out in /home/sexthera/public_html/muizenmesh.co.za/bbs/plugin/CustomCode/CustomCode.plg.php on line 140
[29-Mar-2023 14:08:05 Europe/London] PHP Warning:  Undefined variable $out in /home/sexthera/public_html/muizenmesh.co.za/bbs/plugin/CustomCode/CustomCode.plg.php on line 140
[29-Mar-2023 14:08:06 Europe/London] PHP Warning:  Undefined variable $script in /home/sexthera/public_html/muizenmesh.co.za/bbs/plugin/Profile/Profile.plg.php on line 183
[29-Mar-2023 14:08:06 Europe/London] PHP Warning:  Undefined variable $out in /home/sexthera/public_html/muizenmesh.co.za/bbs/plugin/CustomCode/CustomCode.plg.php on line 140
[29-Mar-2023 14:08:12 Europe/London] PHP Warning:  Undefined variable $script in /home/sexthera/public_html/muizenmesh.co.za/bbs/plugin/Profile/Profile.plg.php on line 183
[29-Mar-2023 14:08:12 Europe/London] PHP Warning:  Undefined variable $out in /home/sexthera/public_html/muizenmesh.co.za/bbs/plugin/CustomCode/CustomCode.plg.php on line 140
[29-Mar-2023 14:08:22 Europe/London] PHP Warning:  Undefined variable $script in /home/sexthera/public_html/muizenmesh.co.za/bbs/plugin/Profile/Profile.plg.php on line 183
[29-Mar-2023 14:08:22 Europe/London] PHP Warning:  Undefined variable $out in /home/sexthera/public_html/muizenmesh.co.za/bbs/plugin/CustomCode/CustomCode.plg.php on line 140
[29-Mar-2023 14:08:24 Europe/London] PHP Warning:  Undefined variable $script in /home/sexthera/public_html/muizenmesh.co.za/bbs/plugin/Profile/Profile.plg.php on line 183
[29-Mar-2023 14:08:24 Europe/London] PHP Warning:  Undefined variable $out in /home/sexthera/public_html/muizenmesh.co.za/bbs/plugin/CustomCode/CustomCode.plg.php on line 140
[29-Mar-2023 14:08:28 Europe/London] PHP Warning:  Undefined variable $out in /home/sexthera/public_html/muizenmesh.co.za/bbs/plugin/CustomCode/CustomCode.plg.php on line 140
[29-Mar-2023 14:09:00 Europe/London] PHP Warning:  Undefined variable $out in /home/sexthera/public_html/muizenmesh.co.za/bbs/plugin/CustomCode/CustomCode.plg.php on line 140
[29-Mar-2023 14:09:02 Europe/London] PHP Warning:  Undefined variable $out in /home/sexthera/public_html/muizenmesh.co.za/bbs/plugin/CustomCode/CustomCode.plg.php on line 140
[29-Mar-2023 14:09:21 Europe/London] PHP Warning:  Undefined variable $out in /home/sexthera/public_html/muizenmesh.co.za/bbs/plugin/CustomCode/CustomCode.plg.php on line 140
[29-Mar-2023 14:09:41 Europe/London] PHP Warning:  Undefined array key "data_css" in /home/sexthera/public_html/muizenmesh.co.za/bbs/plugin/CustomCode/CustomCode.plg.php on line 92
[29-Mar-2023 14:09:41 Europe/London] PHP Warning:  Undefined array key "data_js" in /home/sexthera/public_html/muizenmesh.co.za/bbs/plugin/CustomCode/CustomCode.plg.php on line 99
[29-Mar-2023 14:09:41 Europe/London] PHP Warning:  Undefined variable $out in /home/sexthera/public_html/muizenmesh.co.za/bbs/plugin/CustomCode/CustomCode.plg.php on line 140
[29-Mar-2023 14:09:58 Europe/London] PHP Warning:  Undefined variable $out in /home/sexthera/public_html/muizenmesh.co.za/bbs/plugin/CustomCode/CustomCode.plg.php on line 132
[29-Mar-2023 14:09:58 Europe/London] PHP Warning:  Undefined variable $out in /home/sexthera/public_html/muizenmesh.co.za/bbs/plugin/CustomCode/CustomCode.plg.php on line 144
[29-Mar-2023 14:10:00 Europe/London] PHP Warning:  Undefined array key "data_css" in /home/sexthera/public_html/muizenmesh.co.za/bbs/plugin/CustomCode/CustomCode.plg.php on line 92
[29-Mar-2023 14:10:00 Europe/London] PHP Warning:  Undefined array key "data_js" in /home/sexthera/public_html/muizenmesh.co.za/bbs/plugin/CustomCode/CustomCode.plg.php on line 99
[29-Mar-2023 14:10:00 Europe/London] PHP Warning:  Undefined variable $out in /home/sexthera/public_html/muizenmesh.co.za/bbs/plugin/CustomCode/CustomCode.plg.php on line 132
[29-Mar-2023 14:10:00 Europe/London] PHP Warning:  Undefined variable $out in /home/sexthera/public_html/muizenmesh.co.za/bbs/plugin/CustomCode/CustomCode.plg.php on line 144
[29-Mar-2023 14:10:53 Europe/London] PHP Warning:  Undefined variable $script in /home/sexthera/public_html/muizenmesh.co.za/bbs/plugin/Profile/Profile.plg.php on line 183
[29-Mar-2023 14:12:39 Europe/London] PHP Warning:  Undefined variable $v in /home/sexthera/public_html/muizenmesh.co.za/bbs/plugin/page/page.plg.php on line 51
[29-Mar-2023 14:12:39 Europe/London] PHP Warning:  Undefined array key "display_menu" in /home/sexthera/public_html/muizenmesh.co.za/bbs/lib/HTMLForm.lib.php on line 231
[29-Mar-2023 14:12:39 Europe/London] PHP Warning:  Undefined array key "menu" in /home/sexthera/public_html/muizenmesh.co.za/bbs/lib/HTMLForm.lib.php on line 111
[29-Mar-2023 14:12:51 Europe/London] PHP Warning:  Undefined variable $v in /home/sexthera/public_html/muizenmesh.co.za/bbs/plugin/page/page.plg.php on line 51
[29-Mar-2023 14:12:51 Europe/London] PHP Warning:  Undefined array key "display_menu" in /home/sexthera/public_html/muizenmesh.co.za/bbs/lib/HTMLForm.lib.php on line 231
[29-Mar-2023 14:12:51 Europe/London] PHP Warning:  Undefined array key "menu" in /home/sexthera/public_html/muizenmesh.co.za/bbs/lib/HTMLForm.lib.php on line 111
